<?xml version="1.0" encoding="UTF-8"?>
<!-- Generated by org.testng.reporters.JUnitReportReporter -->
<testsuite hostname="ozels-mbp.lan" failures="0" tests="1" name="com.syntax.test.testNGtest" time="0.007" errors="0" timestamp="2020-05-19T14:26:16 EDT" skipped="0">
  <testcase classname="com.syntax.test.testNGtest" name="hello" time="0.007"/>
  <system-out/>
</testsuite> <!-- com.syntax.test.testNGtest -->
